<?xml version="1.0" encoding="UTF-8"?>
<!-- Generated by org.testng.reporters.JUnitXMLReporter -->
<testsuite hostname="localhost.localhostdomain" name="Command line test" tests="9" failures="0" timestamp="19 Jan 2017 14:26:50 GMT" time="31.051" errors="0">
  <testcase name="ListCrmAccounttypes" time="0.073" classname="com.tl.tl_crm.controller.AccountTypeControllerTest"/>
  <testcase name="fetchAll" time="0.01" classname="com.tl.tl_crm.dao.AccountTypeDaoImplTest"/>
  <testcase name="findOne" time="0.345" classname="com.tl.tl_crm.dao.AccountTypeDaoImplTest"/>
  <testcase name="save" time="0.114" classname="com.tl.tl_crm.dao.AccountTypeDaoImplTest"/>
  <testcase name="save" time="0.0" classname="com.tl.tl_crm.service.AccounttypeServiceImplTest"/>
  <testcase name="addVisitModeTest" time="0.126" classname="com.tl.tl_crm.dao.VisitModeDaoImplTest"/>
  <testcase name="fetchAll" time="0.001" classname="com.tl.tl_crm.dao.VisitModeDaoImplTest"/>
  <testcase name="findOneTest" time="0.003" classname="com.tl.tl_crm.dao.VisitModeDaoImplTest"/>
  <testcase name="findOne" time="0.055" classname="com.tl.tl_crm.service.VisitModeServiceImplTest"/>
</testsuite> <!-- Command line test -->
