<?xml version="1.0" encoding="UTF-8"?>
<testng-results skipped="0" failed="0" total="9" passed="9">
  <reporter-output>
  </reporter-output>
  <suite name="Command line suite" duration-ms="31051" started-at="2017-01-19T14:26:14Z" finished-at="2017-01-19T14:26:45Z">
    <groups>
    </groups>
    <test name="Command line test" duration-ms="31051" started-at="2017-01-19T14:26:14Z" finished-at="2017-01-19T14:26:45Z">
      <class name="com.tl.tl_crm.dao.AccountTypeDaoImplTest">
        <test-method status="PASS" signature="springTestContextBeforeTestClass()[pri:0, instance:com.tl.tl_crm.dao.AccountTypeDaoImplTest@1d7acb34]" name="springTestContextBeforeTestClass" is-config="true" duration-ms="18" started-at="2017-01-19T17:26:15Z" finished-at="2017-01-19T17:26:15Z">
          <reporter-output>
          </reporter-output>
        </test-method> <!-- springTestContextBeforeTestClass -->
        <test-method status="PASS" signature="springTestContextPrepareTestInstance()[pri:0, instance:com.tl.tl_crm.dao.AccountTypeDaoImplTest@1d7acb34]" name="springTestContextPrepareTestInstance" is-config="true" duration-ms="27232" started-at="2017-01-19T17:26:15Z" depends-on-methods="org.springframework.test.context.testng.AbstractTestNGSpringContextTests.springTestContextBeforeTestClass" finished-at="2017-01-19T17:26:42Z">
          <reporter-output>
          </reporter-output>
        </test-method> <!-- springTestContextPrepareTestInstance -->
        <test-method status="PASS" signature="springTestContextBeforeTestMethod(java.lang.reflect.Method)[pri:0, instance:com.tl.tl_crm.dao.AccountTypeDaoImplTest@1d7acb34]" name="springTestContextBeforeTestMethod" is-config="true" duration-ms="332" started-at="2017-01-19T17:26:42Z" finished-at="2017-01-19T17:26:43Z">
          <params>
            <param index="0">
              <value>
                <![CDATA[public void com.tl.tl_crm.dao.AccountTypeDaoImplTest.fetchAll()]]>
              </value>
            </param>
          </params>
          <reporter-output>
          </reporter-output>
        </test-method> <!-- springTestContextBeforeTestMethod -->
        <test-method status="PASS" signature="setup()[pri:0, instance:com.tl.tl_crm.dao.AccountTypeDaoImplTest@1d7acb34]" name="setup" is-config="true" duration-ms="886" started-at="2017-01-19T17:26:43Z" finished-at="2017-01-19T17:26:44Z">
          <reporter-output>
          </reporter-output>
        </test-method> <!-- setup -->
        <test-method status="PASS" signature="fetchAll()[pri:0, instance:com.tl.tl_crm.dao.AccountTypeDaoImplTest@1d7acb34]" name="fetchAll" duration-ms="10" started-at="2017-01-19T17:26:44Z" finished-at="2017-01-19T17:26:44Z">
          <reporter-output>
          </reporter-output>
        </test-method> <!-- fetchAll -->
        <test-method status="PASS" signature="springTestContextAfterTestMethod(java.lang.reflect.Method)[pri:0, instance:com.tl.tl_crm.dao.AccountTypeDaoImplTest@1d7acb34]" name="springTestContextAfterTestMethod" is-config="true" duration-ms="6" started-at="2017-01-19T17:26:44Z" finished-at="2017-01-19T17:26:44Z">
          <params>
            <param index="0">
              <value>
                <![CDATA[public void com.tl.tl_crm.dao.AccountTypeDaoImplTest.fetchAll()]]>
              </value>
            </param>
          </params>
          <reporter-output>
          </reporter-output>
        </test-method> <!-- springTestContextAfterTestMethod -->
        <test-method status="PASS" signature="springTestContextBeforeTestMethod(java.lang.reflect.Method)[pri:0, instance:com.tl.tl_crm.dao.AccountTypeDaoImplTest@1d7acb34]" name="springTestContextBeforeTestMethod" is-config="true" duration-ms="2" started-at="2017-01-19T17:26:44Z" finished-at="2017-01-19T17:26:44Z">
          <params>
            <param index="0">
              <value>
                <![CDATA[public void com.tl.tl_crm.dao.AccountTypeDaoImplTest.findOne()]]>
              </value>
            </param>
          </params>
          <reporter-output>
          </reporter-output>
        </test-method> <!-- springTestContextBeforeTestMethod -->
        <test-method status="PASS" signature="setup()[pri:0, instance:com.tl.tl_crm.dao.AccountTypeDaoImplTest@1d7acb34]" name="setup" is-config="true" duration-ms="15" started-at="2017-01-19T17:26:44Z" finished-at="2017-01-19T17:26:44Z">
          <reporter-output>
          </reporter-output>
        </test-method> <!-- setup -->
        <test-method status="PASS" signature="findOne()[pri:0, instance:com.tl.tl_crm.dao.AccountTypeDaoImplTest@1d7acb34]" name="findOne" duration-ms="345" started-at="2017-01-19T17:26:44Z" finished-at="2017-01-19T17:26:44Z">
          <reporter-output>
          </reporter-output>
        </test-method> <!-- findOne -->
        <test-method status="PASS" signature="springTestContextAfterTestMethod(java.lang.reflect.Method)[pri:0, instance:com.tl.tl_crm.dao.AccountTypeDaoImplTest@1d7acb34]" name="springTestContextAfterTestMethod" is-config="true" duration-ms="1" started-at="2017-01-19T17:26:44Z" finished-at="2017-01-19T17:26:44Z">
          <params>
            <param index="0">
              <value>
                <![CDATA[public void com.tl.tl_crm.dao.AccountTypeDaoImplTest.findOne()]]>
              </value>
            </param>
          </params>
          <reporter-output>
          </reporter-output>
        </test-method> <!-- springTestContextAfterTestMethod -->
        <test-method status="PASS" signature="springTestContextBeforeTestMethod(java.lang.reflect.Method)[pri:0, instance:com.tl.tl_crm.dao.AccountTypeDaoImplTest@1d7acb34]" name="springTestContextBeforeTestMethod" is-config="true" duration-ms="2" started-at="2017-01-19T17:26:44Z" finished-at="2017-01-19T17:26:44Z">
          <params>
            <param index="0">
              <value>
                <![CDATA[public void com.tl.tl_crm.dao.AccountTypeDaoImplTest.save()]]>
              </value>
            </param>
          </params>
          <reporter-output>
          </reporter-output>
        </test-method> <!-- springTestContextBeforeTestMethod -->
        <test-method status="PASS" signature="setup()[pri:0, instance:com.tl.tl_crm.dao.AccountTypeDaoImplTest@1d7acb34]" name="setup" is-config="true" duration-ms="12" started-at="2017-01-19T17:26:44Z" finished-at="2017-01-19T17:26:44Z">
          <reporter-output>
          </reporter-output>
        </test-method> <!-- setup -->
        <test-method status="PASS" signature="save()[pri:0, instance:com.tl.tl_crm.dao.AccountTypeDaoImplTest@1d7acb34]" name="save" duration-ms="114" started-at="2017-01-19T17:26:44Z" finished-at="2017-01-19T17:26:44Z">
          <reporter-output>
          </reporter-output>
        </test-method> <!-- save -->
        <test-method status="PASS" signature="springTestContextAfterTestMethod(java.lang.reflect.Method)[pri:0, instance:com.tl.tl_crm.dao.AccountTypeDaoImplTest@1d7acb34]" name="springTestContextAfterTestMethod" is-config="true" duration-ms="178" started-at="2017-01-19T17:26:44Z" finished-at="2017-01-19T17:26:44Z">
          <params>
            <param index="0">
              <value>
                <![CDATA[public void com.tl.tl_crm.dao.AccountTypeDaoImplTest.save()]]>
              </value>
            </param>
          </params>
          <reporter-output>
          </reporter-output>
        </test-method> <!-- springTestContextAfterTestMethod -->
        <test-method status="PASS" signature="springTestContextAfterTestClass()[pri:0, instance:com.tl.tl_crm.dao.AccountTypeDaoImplTest@1d7acb34]" name="springTestContextAfterTestClass" is-config="true" duration-ms="0" started-at="2017-01-19T17:26:44Z" finished-at="2017-01-19T17:26:44Z">
          <reporter-output>
          </reporter-output>
        </test-method> <!-- springTestContextAfterTestClass -->
      </class> <!-- com.tl.tl_crm.dao.AccountTypeDaoImplTest -->
      <class name="com.tl.tl_crm.controller.AccountTypeControllerTest">
        <test-method status="PASS" signature="init()[pri:0, instance:com.tl.tl_crm.controller.AccountTypeControllerTest@5fcd892a]" name="init" is-config="true" duration-ms="1431" started-at="2017-01-19T17:26:14Z" finished-at="2017-01-19T17:26:15Z">
          <reporter-output>
          </reporter-output>
        </test-method> <!-- init -->
        <test-method status="PASS" signature="ListCrmAccounttypes()[pri:0, instance:com.tl.tl_crm.controller.AccountTypeControllerTest@5fcd892a]" name="ListCrmAccounttypes" duration-ms="73" started-at="2017-01-19T17:26:15Z" finished-at="2017-01-19T17:26:15Z">
          <reporter-output>
          </reporter-output>
        </test-method> <!-- ListCrmAccounttypes -->
      </class> <!-- com.tl.tl_crm.controller.AccountTypeControllerTest -->
      <class name="com.tl.tl_crm.service.AccounttypeServiceImplTest">
        <test-method status="PASS" signature="save()[pri:0, instance:com.tl.tl_crm.service.AccounttypeServiceImplTest@1ad282e0]" name="save" duration-ms="0" started-at="2017-01-19T17:26:44Z" finished-at="2017-01-19T17:26:44Z">
          <reporter-output>
          </reporter-output>
        </test-method> <!-- save -->
      </class> <!-- com.tl.tl_crm.service.AccounttypeServiceImplTest -->
      <class name="com.tl.tl_crm.dao.VisitModeDaoImplTest">
        <test-method status="PASS" signature="springTestContextBeforeTestClass()[pri:0, instance:com.tl.tl_crm.dao.VisitModeDaoImplTest@4b9e255]" name="springTestContextBeforeTestClass" is-config="true" duration-ms="0" started-at="2017-01-19T17:26:44Z" finished-at="2017-01-19T17:26:44Z">
          <reporter-output>
          </reporter-output>
        </test-method> <!-- springTestContextBeforeTestClass -->
        <test-method status="PASS" signature="springTestContextPrepareTestInstance()[pri:0, instance:com.tl.tl_crm.dao.VisitModeDaoImplTest@4b9e255]" name="springTestContextPrepareTestInstance" is-config="true" duration-ms="4" started-at="2017-01-19T17:26:44Z" depends-on-methods="org.springframework.test.context.testng.AbstractTestNGSpringContextTests.springTestContextBeforeTestClass" finished-at="2017-01-19T17:26:44Z">
          <reporter-output>
          </reporter-output>
        </test-method> <!-- springTestContextPrepareTestInstance -->
        <test-method status="PASS" signature="springTestContextBeforeTestMethod(java.lang.reflect.Method)[pri:0, instance:com.tl.tl_crm.dao.VisitModeDaoImplTest@4b9e255]" name="springTestContextBeforeTestMethod" is-config="true" duration-ms="2" started-at="2017-01-19T17:26:44Z" finished-at="2017-01-19T17:26:44Z">
          <params>
            <param index="0">
              <value>
                <![CDATA[public void com.tl.tl_crm.dao.VisitModeDaoImplTest.addVisitModeTest()]]>
              </value>
            </param>
          </params>
          <reporter-output>
          </reporter-output>
        </test-method> <!-- springTestContextBeforeTestMethod -->
        <test-method status="PASS" signature="setup()[pri:0, instance:com.tl.tl_crm.dao.VisitModeDaoImplTest@4b9e255]" name="setup" is-config="true" duration-ms="74" started-at="2017-01-19T17:26:44Z" finished-at="2017-01-19T17:26:44Z">
          <reporter-output>
          </reporter-output>
        </test-method> <!-- setup -->
        <test-method status="PASS" signature="addVisitModeTest()[pri:0, instance:com.tl.tl_crm.dao.VisitModeDaoImplTest@4b9e255]" name="addVisitModeTest" duration-ms="126" started-at="2017-01-19T17:26:44Z" finished-at="2017-01-19T17:26:45Z">
          <reporter-output>
          </reporter-output>
        </test-method> <!-- addVisitModeTest -->
        <test-method status="PASS" signature="springTestContextAfterTestMethod(java.lang.reflect.Method)[pri:0, instance:com.tl.tl_crm.dao.VisitModeDaoImplTest@4b9e255]" name="springTestContextAfterTestMethod" is-config="true" duration-ms="2" started-at="2017-01-19T17:26:45Z" finished-at="2017-01-19T17:26:45Z">
          <params>
            <param index="0">
              <value>
                <![CDATA[public void com.tl.tl_crm.dao.VisitModeDaoImplTest.addVisitModeTest()]]>
              </value>
            </param>
          </params>
          <reporter-output>
          </reporter-output>
        </test-method> <!-- springTestContextAfterTestMethod -->
        <test-method status="PASS" signature="springTestContextBeforeTestMethod(java.lang.reflect.Method)[pri:0, instance:com.tl.tl_crm.dao.VisitModeDaoImplTest@4b9e255]" name="springTestContextBeforeTestMethod" is-config="true" duration-ms="2" started-at="2017-01-19T17:26:45Z" finished-at="2017-01-19T17:26:45Z">
          <params>
            <param index="0">
              <value>
                <![CDATA[public void com.tl.tl_crm.dao.VisitModeDaoImplTest.fetchAll()]]>
              </value>
            </param>
          </params>
          <reporter-output>
          </reporter-output>
        </test-method> <!-- springTestContextBeforeTestMethod -->
        <test-method status="PASS" signature="setup()[pri:0, instance:com.tl.tl_crm.dao.VisitModeDaoImplTest@4b9e255]" name="setup" is-config="true" duration-ms="11" started-at="2017-01-19T17:26:45Z" finished-at="2017-01-19T17:26:45Z">
          <reporter-output>
          </reporter-output>
        </test-method> <!-- setup -->
        <test-method status="PASS" signature="fetchAll()[pri:0, instance:com.tl.tl_crm.dao.VisitModeDaoImplTest@4b9e255]" name="fetchAll" duration-ms="1" started-at="2017-01-19T17:26:45Z" finished-at="2017-01-19T17:26:45Z">
          <reporter-output>
          </reporter-output>
        </test-method> <!-- fetchAll -->
        <test-method status="PASS" signature="springTestContextAfterTestMethod(java.lang.reflect.Method)[pri:0, instance:com.tl.tl_crm.dao.VisitModeDaoImplTest@4b9e255]" name="springTestContextAfterTestMethod" is-config="true" duration-ms="2" started-at="2017-01-19T17:26:45Z" finished-at="2017-01-19T17:26:45Z">
          <params>
            <param index="0">
              <value>
                <![CDATA[public void com.tl.tl_crm.dao.VisitModeDaoImplTest.fetchAll()]]>
              </value>
            </param>
          </params>
          <reporter-output>
          </reporter-output>
        </test-method> <!-- springTestContextAfterTestMethod -->
        <test-method status="PASS" signature="springTestContextBeforeTestMethod(java.lang.reflect.Method)[pri:0, instance:com.tl.tl_crm.dao.VisitModeDaoImplTest@4b9e255]" name="springTestContextBeforeTestMethod" is-config="true" duration-ms="2" started-at="2017-01-19T17:26:45Z" finished-at="2017-01-19T17:26:45Z">
          <params>
            <param index="0">
              <value>
                <![CDATA[public void com.tl.tl_crm.dao.VisitModeDaoImplTest.findOneTest()]]>
              </value>
            </param>
          </params>
          <reporter-output>
          </reporter-output>
        </test-method> <!-- springTestContextBeforeTestMethod -->
        <test-method status="PASS" signature="setup()[pri:0, instance:com.tl.tl_crm.dao.VisitModeDaoImplTest@4b9e255]" name="setup" is-config="true" duration-ms="11" started-at="2017-01-19T17:26:45Z" finished-at="2017-01-19T17:26:45Z">
          <reporter-output>
          </reporter-output>
        </test-method> <!-- setup -->
        <test-method status="PASS" signature="findOneTest()[pri:0, instance:com.tl.tl_crm.dao.VisitModeDaoImplTest@4b9e255]" name="findOneTest" duration-ms="3" started-at="2017-01-19T17:26:45Z" finished-at="2017-01-19T17:26:45Z">
          <reporter-output>
          </reporter-output>
        </test-method> <!-- findOneTest -->
        <test-method status="PASS" signature="springTestContextAfterTestMethod(java.lang.reflect.Method)[pri:0, instance:com.tl.tl_crm.dao.VisitModeDaoImplTest@4b9e255]" name="springTestContextAfterTestMethod" is-config="true" duration-ms="2" started-at="2017-01-19T17:26:45Z" finished-at="2017-01-19T17:26:45Z">
          <params>
            <param index="0">
              <value>
                <![CDATA[public void com.tl.tl_crm.dao.VisitModeDaoImplTest.findOneTest()]]>
              </value>
            </param>
          </params>
          <reporter-output>
          </reporter-output>
        </test-method> <!-- springTestContextAfterTestMethod -->
        <test-method status="PASS" signature="springTestContextAfterTestClass()[pri:0, instance:com.tl.tl_crm.dao.VisitModeDaoImplTest@4b9e255]" name="springTestContextAfterTestClass" is-config="true" duration-ms="0" started-at="2017-01-19T17:26:45Z" finished-at="2017-01-19T17:26:45Z">
          <reporter-output>
          </reporter-output>
        </test-method> <!-- springTestContextAfterTestClass -->
      </class> <!-- com.tl.tl_crm.dao.VisitModeDaoImplTest -->
      <class name="com.tl.tl_crm.service.VisitModeServiceImplTest">
        <test-method status="PASS" signature="initMocks()[pri:0, instance:com.tl.tl_crm.service.VisitModeServiceImplTest@51b279c9]" name="initMocks" is-config="true" duration-ms="79" started-at="2017-01-19T17:26:45Z" finished-at="2017-01-19T17:26:45Z">
          <reporter-output>
          </reporter-output>
        </test-method> <!-- initMocks -->
        <test-method status="PASS" signature="findOne()[pri:0, instance:com.tl.tl_crm.service.VisitModeServiceImplTest@51b279c9]" name="findOne" duration-ms="55" started-at="2017-01-19T17:26:45Z" finished-at="2017-01-19T17:26:45Z">
          <reporter-output>
          </reporter-output>
        </test-method> <!-- findOne -->
      </class> <!-- com.tl.tl_crm.service.VisitModeServiceImplTest -->
    </test> <!-- Command line test -->
  </suite> <!-- Command line suite -->
</testng-results>
