<?xml version="1.0" encoding="UTF-8" ?>
<testsuite tests="9" failures="0" name="TestSuite" time="74.147" errors="0" skipped="0">
  <properties>
[...]
</properties>
  <testcase classname="com.tl.tl_crm.controller.AccountTypeControllerTest" name="ListCrmAccounttypes" time="0.054"/>
  <testcase classname="com.tl.tl_crm.dao.AccountTypeDaoImplTest" name="fetchAll" time="0.01"/>
  <testcase classname="com.tl.tl_crm.dao.AccountTypeDaoImplTest" name="findOne" time="0.344"/>
  <testcase classname="com.tl.tl_crm.dao.AccountTypeDaoImplTest" name="save" time="0"/>
  <testcase classname="com.tl.tl_crm.service.AccounttypeServiceImplTest" name="save" time="0"/>
  <testcase classname="com.tl.tl_crm.dao.VisitModeDaoImplTest" name="addVisitModeTest" time="0.126"/>
  <testcase classname="com.tl.tl_crm.dao.VisitModeDaoImplTest" name="fetchAll" time="0"/>
  <testcase classname="com.tl.tl_crm.dao.VisitModeDaoImplTest" name="findOneTest" time="0.002"/>
  <testcase classname="com.tl.tl_crm.service.VisitModeServiceImplTest" name="findOne" time="0.055"/>
</testsuite>